java -cp /home/jwj/cxl-project/ycsb/redis-binding/conf:/home/jwj/cxl-project/ycsb/conf:/home/jwj/cxl-project/ycsb/lib/HdrHistogram-2.1.4.jar:/home/jwj/cxl-project/ycsb/lib/jackson-core-asl-1.9.4.jar:/home/jwj/cxl-project/ycsb/lib/htrace-core4-4.1.0-incubating.jar:/home/jwj/cxl-project/ycsb/lib/jackson-mapper-asl-1.9.4.jar:/home/jwj/cxl-project/ycsb/lib/core-0.17.0.jar:/home/jwj/cxl-project/ycsb/redis-binding/lib/jedis-2.9.0.jar:/home/jwj/cxl-project/ycsb/redis-binding/lib/redis-binding-0.17.0.jar:/home/jwj/cxl-project/ycsb/redis-binding/lib/commons-pool2-2.4.2.jar site.ycsb.Client -db site.ycsb.db.RedisClient -s -P workloads/workloadb -p redis.host=192.168.122.94 -p redis.port=30001 -p recordcount=15000000 -p operationcount=1000000000 -p threadcount=64 -p target=70000 -p maxexecutiontime=1200 -p redis.timeout=60000 -p status.interval=10 -t
Command line: -db site.ycsb.db.RedisClient -s -P workloads/workloadb -p redis.host=192.168.122.94 -p redis.port=30001 -p recordcount=15000000 -p operationcount=1000000000 -p threadcount=64 -p target=70000 -p maxexecutiontime=1200 -p redis.timeout=60000 -p status.interval=10 -t
YCSB Client 0.17.0

Loading workload...
Starting test.
Maximum execution time specified as: 1200 secs
DBWrapper: report latency for each error is false and specific error codes to track for latency are: []
DBWrapper: report latency for each error is false and specific error codes to track for latency are: []
DBWrapper: report latency for each error is false and specific error codes to track for latency are: []
DBWrapper: report latency for each error is false and specific error codes to track for latency are: []
DBWrapper: report latency for each error is false and specific error codes to track for latency are: []
DBWrapper: report latency for each error is false and specific error codes to track for latency are: []
DBWrapper: report latency for each error is false and specific error codes to track for latency are: []
DBWrapper: report latency for each error is false and specific error codes to track for latency are: []
DBWrapper: report latency for each error is false and specific error codes to track for latency are: []
DBWrapper: report latency for each error is false and specific error codes to track for latency are: []
2026-01-14 02:17:39:278 0 sec: 0 operations; est completion in 0 second 
DBWrapper: report latency for each error is false and specific error codes to track for latency are: []
DBWrapper: report latency for each error is false and specific error codes to track for latency are: []
DBWrapper: report latency for each error is false and specific error codes to track for latency are: []
DBWrapper: report latency for each error is false and specific error codes to track for latency are: []
DBWrapper: report latency for each error is false and specific error codes to track for latency are: []
DBWrapper: report latency for each error is false and specific error codes to track for latency are: []
DBWrapper: report latency for each error is false and specific error codes to track for latency are: []
DBWrapper: report latency for each error is false and specific error codes to track for latency are: []
DBWrapper: report latency for each error is false and specific error codes to track for latency are: []
DBWrapper: report latency for each error is false and specific error codes to track for latency are: []
DBWrapper: report latency for each error is false and specific error codes to track for latency are: []
DBWrapper: report latency for each error is false and specific error codes to track for latency are: []
DBWrapper: report latency for each error is false and specific error codes to track for latency are: []
DBWrapper: report latency for each error is false and specific error codes to track for latency are: []
DBWrapper: report latency for each error is false and specific error codes to track for latency are: []
DBWrapper: report latency for each error is false and specific error codes to track for latency are: []
DBWrapper: report latency for each error is false and specific error codes to track for latency are: []
DBWrapper: report latency for each error is false and specific error codes to track for latency are: []
DBWrapper: report latency for each error is false and specific error codes to track for latency are: []
DBWrapper: report latency for each error is false and specific error codes to track for latency are: []
DBWrapper: report latency for each error is false and specific error codes to track for latency are: []
DBWrapper: report latency for each error is false and specific error codes to track for latency are: []
DBWrapper: report latency for each error is false and specific error codes to track for latency are: []
DBWrapper: report latency for each error is false and specific error codes to track for latency are: []
DBWrapper: report latency for each error is false and specific error codes to track for latency are: []
DBWrapper: report latency for each error is false and specific error codes to track for latency are: []
DBWrapper: report latency for each error is false and specific error codes to track for latency are: []
DBWrapper: report latency for each error is false and specific error codes to track for latency are: []
DBWrapper: report latency for each error is false and specific error codes to track for latency are: []
DBWrapper: report latency for each error is false and specific error codes to track for latency are: []
DBWrapper: report latency for each error is false and specific error codes to track for latency are: []
DBWrapper: report latency for each error is false and specific error codes to track for latency are: []
DBWrapper: report latency for each error is false and specific error codes to track for latency are: []
DBWrapper: report latency for each error is false and specific error codes to track for latency are: []
DBWrapper: report latency for each error is false and specific error codes to track for latency are: []
DBWrapper: report latency for each error is false and specific error codes to track for latency are: []
DBWrapper: report latency for each error is false and specific error codes to track for latency are: []
DBWrapper: report latency for each error is false and specific error codes to track for latency are: []
DBWrapper: report latency for each error is false and specific error codes to track for latency are: []
DBWrapper: report latency for each error is false and specific error codes to track for latency are: []
DBWrapper: report latency for each error is false and specific error codes to track for latency are: []
DBWrapper: report latency for each error is false and specific error codes to track for latency are: []
DBWrapper: report latency for each error is false and specific error codes to track for latency are: []
DBWrapper: report latency for each error is false and specific error codes to track for latency are: []
DBWrapper: report latency for each error is false and specific error codes to track for latency are: []
DBWrapper: report latency for each error is false and specific error codes to track for latency are: []
DBWrapper: report latency for each error is false and specific error codes to track for latency are: []
DBWrapper: report latency for each error is false and specific error codes to track for latency are: []
DBWrapper: report latency for each error is false and specific error codes to track for latency are: []
DBWrapper: report latency for each error is false and specific error codes to track for latency are: []
DBWrapper: report latency for each error is false and specific error codes to track for latency are: []
DBWrapper: report latency for each error is false and specific error codes to track for latency are: []
DBWrapper: report latency for each error is false and specific error codes to track for latency are: []
DBWrapper: report latency for each error is false and specific error codes to track for latency are: []
2026-01-14 02:17:49:247 10 sec: 683135 operations; 68313.5 current ops/sec; est completion in 4 hours 3 minutes [READ: Count=649245, Max=65023, Min=67, Avg=717.91, 90=1106, 99=1724, 99.9=3687, 99.99=7791] [UPDATE: Count=34022, Max=7763, Min=75, Avg=711.49, 90=1104, 99=1709, 99.9=3459, 99.99=7411] 
2026-01-14 02:17:59:247 20 sec: 1340088 operations; 65695.3 current ops/sec; est completion in 4 hours 8 minutes [READ: Count=623897, Max=7235, Min=133, Avg=972.99, 90=1272, 99=1899, 99.9=3009, 99.99=5571] [UPDATE: Count=32966, Max=6291, Min=165, Avg=969.57, 90=1268, 99=1898, 99.9=2937, 99.99=5695] 
2026-01-14 02:18:09:247 30 sec: 2028903 operations; 68881.5 current ops/sec; est completion in 4 hours 5 minutes [READ: Count=654400, Max=9599, Min=126, Avg=927.98, 90=1210, 99=1835, 99.9=3251, 99.99=6727] [UPDATE: Count=34398, Max=9551, Min=223, Avg=922.89, 90=1200, 99=1842, 99.9=3185, 99.99=4667] 
2026-01-14 02:18:19:247 40 sec: 2735867 operations; 70696.4 current ops/sec; est completion in 4 hours 3 minutes [READ: Count=671396, Max=15911, Min=116, Avg=903.81, 90=1156, 99=1760, 99.9=4611, 99.99=12879] [UPDATE: Count=35567, Max=15727, Min=163, Avg=902.17, 90=1154, 99=1747, 99.9=5059, 99.99=12847] 
2026-01-14 02:18:29:247 50 sec: 3384696 operations; 64882.9 current ops/sec; est completion in 4 hours 5 minutes [READ: Count=616002, Max=8231, Min=120, Avg=985.21, 90=1252, 99=1827, 99.9=4439, 99.99=7271] [UPDATE: Count=32837, Max=7499, Min=277, Avg=982.42, 90=1251, 99=1814, 99.9=4791, 99.99=7239] 
2026-01-14 02:18:39:247 60 sec: 4070283 operations; 68558.7 current ops/sec; est completion in 4 hours 4 minutes [READ: Count=651387, Max=15287, Min=104, Avg=932.14, 90=1204, 99=1816, 99.9=3969, 99.99=14015] [UPDATE: Count=34181, Max=15327, Min=159, Avg=932.72, 90=1199, 99=1827, 99.9=4171, 99.99=14855] 
2026-01-14 02:18:49:247 70 sec: 4742206 operations; 67192.3 current ops/sec; est completion in 4 hours 4 minutes [READ: Count=638514, Max=8035, Min=131, Avg=951.24, 90=1225, 99=2028, 99.9=4787, 99.99=7015] [UPDATE: Count=33394, Max=7671, Min=166, Avg=948.26, 90=1223, 99=2067, 99.9=4747, 99.99=6619] 
2026-01-14 02:18:59:247 80 sec: 5425255 operations; 68304.9 current ops/sec; est completion in 4 hours 4 minutes [READ: Count=649051, Max=13711, Min=120, Avg=935.86, 90=1179, 99=1883, 99.9=4775, 99.99=10255] [UPDATE: Count=34021, Max=12615, Min=140, Avg=930.69, 90=1177, 99=1925, 99.9=4771, 99.99=9255] 
2026-01-14 02:19:09:247 90 sec: 6045185 operations; 61993 current ops/sec; est completion in 4 hours 6 minutes [READ: Count=588858, Max=18175, Min=132, Avg=1030.96, 90=1322, 99=2209, 99.9=5111, 99.99=14583] [UPDATE: Count=31071, Max=18047, Min=168, Avg=1032.41, 90=1327, 99=2157, 99.9=5191, 99.99=17743] 
2026-01-14 02:19:19:247 100 sec: 6733707 operations; 68852.2 current ops/sec; est completion in 4 hours 5 minutes [READ: Count=654261, Max=7275, Min=130, Avg=928.27, 90=1166, 99=1737, 99.9=4283, 99.99=6443] [UPDATE: Count=34256, Max=6903, Min=232, Avg=926.47, 90=1165, 99=1735, 99.9=4403, 99.99=6571] 
2026-01-14 02:19:29:247 110 sec: 7440795 operations; 70708.8 current ops/sec; est completion in 4 hours 4 minutes [READ: Count=671602, Max=9687, Min=120, Avg=903.91, 90=1140, 99=1622, 99.9=4083, 99.99=8179] [UPDATE: Count=35503, Max=9631, Min=146, Avg=900.8, 90=1139, 99=1628, 99.9=4127, 99.99=7799] 
2026-01-14 02:19:39:247 120 sec: 8096233 operations; 65543.8 current ops/sec; est completion in 4 hours 5 minutes [READ: Count=622784, Max=16111, Min=131, Avg=975.13, 90=1217, 99=1922, 99.9=6195, 99.99=15503] [UPDATE: Count=32658, Max=16063, Min=231, Avg=973.9, 90=1218, 99=1964, 99.9=6175, 99.99=15671] 
2026-01-14 02:19:49:247 130 sec: 8807175 operations; 71094.2 current ops/sec; est completion in 4 hours 3 minutes [READ: Count=675054, Max=11351, Min=160, Avg=899.05, 90=1126, 99=1692, 99.9=4787, 99.99=7967] [UPDATE: Count=35870, Max=9087, Min=194, Avg=895.42, 90=1123, 99=1678, 99.9=5039, 99.99=7983] 
2026-01-14 02:19:59:247 140 sec: 9481254 operations; 67407.9 current ops/sec; est completion in 4 hours 3 minutes [READ: Count=640461, Max=8447, Min=157, Avg=948.19, 90=1231, 99=1961, 99.9=4107, 99.99=6819] [UPDATE: Count=33627, Max=7555, Min=235, Avg=945.66, 90=1231, 99=1975, 99.9=4127, 99.99=7035] 
2026-01-14 02:20:09:247 150 sec: 10173211 operations; 69195.7 current ops/sec; est completion in 4 hours 3 minutes [READ: Count=657374, Max=12767, Min=128, Avg=923.82, 90=1157, 99=1818, 99.9=3819, 99.99=8163] [UPDATE: Count=34554, Max=12351, Min=160, Avg=918.41, 90=1150, 99=1771, 99.9=3293, 99.99=11487] 
2026-01-14 02:20:19:247 160 sec: 10837525 operations; 66431.4 current ops/sec; est completion in 4 hours 3 minutes [READ: Count=631298, Max=12919, Min=126, Avg=962.15, 90=1225, 99=1901, 99.9=4331, 99.99=10503] [UPDATE: Count=33050, Max=11279, Min=247, Avg=959.11, 90=1223, 99=1928, 99.9=4063, 99.99=7419] 
2026-01-14 02:20:29:247 170 sec: 11524981 operations; 68745.6 current ops/sec; est completion in 4 hours 3 minutes [READ: Count=653100, Max=14767, Min=159, Avg=929.57, 90=1202, 99=1787, 99.9=4351, 99.99=9599] [UPDATE: Count=34351, Max=14695, Min=267, Avg=929.23, 90=1198, 99=1789, 99.9=4959, 99.99=13863] 
2026-01-14 02:20:39:247 180 sec: 12214689 operations; 68970.8 current ops/sec; est completion in 4 hours 2 minutes [READ: Count=655190, Max=11423, Min=128, Avg=926.58, 90=1194, 99=1765, 99.9=4223, 99.99=10183] [UPDATE: Count=34507, Max=11047, Min=231, Avg=926.42, 90=1194, 99=1775, 99.9=5183, 99.99=10567] 
2026-01-14 02:20:49:247 190 sec: 12867267 operations; 65257.8 current ops/sec; est completion in 4 hours 2 minutes [READ: Count=619769, Max=13247, Min=110, Avg=979.43, 90=1249, 99=2032, 99.9=5179, 99.99=8839] [UPDATE: Count=32791, Max=12831, Min=198, Avg=977.64, 90=1245, 99=2091, 99.9=5475, 99.99=12631] 
2026-01-14 02:20:59:247 200 sec: 13497871 operations; 63060.4 current ops/sec; est completion in 4 hours 3 minutes [READ: Count=599273, Max=10343, Min=181, Avg=1013.55, 90=1299, 99=2161, 99.9=4999, 99.99=6987] [UPDATE: Count=31349, Max=10239, Min=209, Avg=1012.39, 90=1298, 99=2173, 99.9=5019, 99.99=6571] 
2026-01-14 02:21:09:247 210 sec: 14143217 operations; 64534.6 current ops/sec; est completion in 4 hours 3 minutes [READ: Count=612884, Max=11799, Min=156, Avg=990.35, 90=1277, 99=2099, 99.9=5359, 99.99=8407] [UPDATE: Count=32482, Max=11719, Min=243, Avg=990.28, 90=1275, 99=2121, 99.9=5591, 99.99=11559] 
2026-01-14 02:21:19:247 220 sec: 14792864 operations; 64964.7 current ops/sec; est completion in 4 hours 4 minutes [READ: Count=617149, Max=13551, Min=201, Avg=984.22, 90=1247, 99=2046, 99.9=5247, 99.99=10223] [UPDATE: Count=32465, Max=12847, Min=244, Avg=975.79, 90=1239, 99=1912, 99.9=5563, 99.99=8895] 
2026-01-14 02:21:29:247 230 sec: 15471934 operations; 67907 current ops/sec; est completion in 4 hours 3 minutes [READ: Count=645069, Max=10703, Min=124, Avg=941.02, 90=1193, 99=2046, 99.9=5463, 99.99=8631] [UPDATE: Count=34000, Max=10599, Min=176, Avg=942.17, 90=1194, 99=2023, 99.9=5835, 99.99=9799] 
2026-01-14 02:21:39:247 240 sec: 16169029 operations; 69709.5 current ops/sec; est completion in 4 hours 3 minutes [READ: Count=662148, Max=9919, Min=162, Avg=916.77, 90=1142, 99=1700, 99.9=5307, 99.99=7815] [UPDATE: Count=34951, Max=9847, Min=208, Avg=915.56, 90=1144, 99=1702, 99.9=5391, 99.99=7483] 
2026-01-14 02:21:49:247 250 sec: 16775600 operations; 60657.1 current ops/sec; est completion in 4 hours 4 minutes [READ: Count=576033, Max=9111, Min=173, Avg=1053.76, 90=1348, 99=1970, 99.9=4663, 99.99=7071] [UPDATE: Count=30541, Max=7335, Min=194, Avg=1053.53, 90=1346, 99=1986, 99.9=4531, 99.99=7135] 
2026-01-14 02:21:59:247 260 sec: 17419632 operations; 64403.2 current ops/sec; est completion in 4 hours 4 minutes [READ: Count=612071, Max=8943, Min=114, Avg=992.44, 90=1267, 99=2065, 99.9=4543, 99.99=7923] [UPDATE: Count=31981, Max=8479, Min=248, Avg=990.63, 90=1269, 99=2101, 99.9=4503, 99.99=7575] 
2026-01-14 02:22:09:247 270 sec: 18105402 operations; 68577 current ops/sec; est completion in 4 hours 4 minutes [READ: Count=651756, Max=9815, Min=202, Avg=931.94, 90=1186, 99=1825, 99.9=4415, 99.99=8391] [UPDATE: Count=34015, Max=9799, Min=220, Avg=930.67, 90=1183, 99=1817, 99.9=4379, 99.99=8647] 
2026-01-14 02:22:19:247 280 sec: 18760235 operations; 65483.3 current ops/sec; est completion in 4 hours 4 minutes [READ: Count=622180, Max=7203, Min=237, Avg=976.11, 90=1242, 99=1973, 99.9=4691, 99.99=6439] [UPDATE: Count=32627, Max=6895, Min=327, Avg=973.6, 90=1240, 99=2004, 99.9=4763, 99.99=6483] 
2026-01-14 02:22:29:247 290 sec: 19413537 operations; 65330.2 current ops/sec; est completion in 4 hours 4 minutes [READ: Count=620400, Max=13383, Min=159, Avg=978.39, 90=1236, 99=2067, 99.9=5283, 99.99=9871] [UPDATE: Count=32904, Max=12999, Min=225, Avg=975.83, 90=1235, 99=2042, 99.9=4939, 99.99=12535] 
2026-01-14 02:22:39:247 300 sec: 20120473 operations; 70693.6 current ops/sec; est completion in 4 hours 3 minutes [READ: Count=671389, Max=12103, Min=104, Avg=904.07, 90=1133, 99=1583, 99.9=4675, 99.99=6855] [UPDATE: Count=35543, Max=11687, Min=125, Avg=901.44, 90=1132, 99=1540, 99.9=4587, 99.99=6491] 
2026-01-14 02:22:49:247 310 sec: 20816356 operations; 69588.3 current ops/sec; est completion in 4 hours 3 minutes [READ: Count=661242, Max=14575, Min=90, Avg=918.45, 90=1180, 99=1763, 99.9=5107, 99.99=11655] [UPDATE: Count=34646, Max=14479, Min=98, Avg=916.21, 90=1181, 99=1797, 99.9=4855, 99.99=8187] 
2026-01-14 02:22:59:247 320 sec: 21491416 operations; 67506 current ops/sec; est completion in 4 hours 2 minutes [READ: Count=641652, Max=6679, Min=161, Avg=946.73, 90=1226, 99=2021, 99.9=4619, 99.99=6179] [UPDATE: Count=33419, Max=6343, Min=227, Avg=946.09, 90=1224, 99=2069, 99.9=4491, 99.99=6139] 
2026-01-14 02:23:09:247 330 sec: 22167512 operations; 67609.6 current ops/sec; est completion in 4 hours 2 minutes [READ: Count=642322, Max=11383, Min=153, Avg=945.49, 90=1223, 99=1902, 99.9=5419, 99.99=9559] [UPDATE: Count=33761, Max=10791, Min=237, Avg=941.13, 90=1218, 99=1870, 99.9=4623, 99.99=7759] 
2026-01-14 02:23:19:247 340 sec: 22820035 operations; 65252.3 current ops/sec; est completion in 4 hours 2 minutes [READ: Count=620054, Max=14071, Min=167, Avg=979.49, 90=1264, 99=2022, 99.9=5227, 99.99=12479] [UPDATE: Count=32465, Max=13695, Min=193, Avg=978.63, 90=1261, 99=2085, 99.9=5151, 99.99=11535] 
2026-01-14 02:23:29:247 350 sec: 23505856 operations; 68582.1 current ops/sec; est completion in 4 hours 2 minutes [READ: Count=651491, Max=8071, Min=180, Avg=932.09, 90=1185, 99=1787, 99.9=4027, 99.99=6659] [UPDATE: Count=34329, Max=7931, Min=202, Avg=927.05, 90=1184, 99=1756, 99.9=3801, 99.99=7223] 
2026-01-14 02:23:39:247 360 sec: 24147094 operations; 64123.8 current ops/sec; est completion in 4 hours 2 minutes [READ: Count=609258, Max=9639, Min=237, Avg=996.64, 90=1279, 99=1911, 99.9=4219, 99.99=8631] [UPDATE: Count=31996, Max=9535, Min=307, Avg=997.26, 90=1280, 99=1918, 99.9=4039, 99.99=8599] 
2026-01-14 02:23:49:247 370 sec: 24757733 operations; 61063.9 current ops/sec; est completion in 4 hours 2 minutes [READ: Count=580064, Max=8431, Min=194, Avg=1046.87, 90=1354, 99=2019, 99.9=5451, 99.99=6887] [UPDATE: Count=30573, Max=7155, Min=248, Avg=1042.76, 90=1348, 99=2025, 99.9=5459, 99.99=7023] 
2026-01-14 02:23:59:247 380 sec: 25376063 operations; 61833 current ops/sec; est completion in 4 hours 3 minutes [READ: Count=587059, Max=7947, Min=170, Avg=1033.89, 90=1349, 99=2029, 99.9=3751, 99.99=6879] [UPDATE: Count=31273, Max=7267, Min=227, Avg=1029.76, 90=1346, 99=2063, 99.9=3665, 99.99=6911] 
2026-01-14 02:24:09:247 390 sec: 26009540 operations; 63347.7 current ops/sec; est completion in 4 hours 3 minutes [READ: Count=601571, Max=7511, Min=153, Avg=1008.93, 90=1302, 99=1959, 99.9=4239, 99.99=6815] [UPDATE: Count=31904, Max=7147, Min=214, Avg=1008.59, 90=1300, 99=2026, 99.9=4423, 99.99=6823] 
2026-01-14 02:24:19:247 400 sec: 26685344 operations; 67580.4 current ops/sec; est completion in 4 hours 3 minutes [READ: Count=642048, Max=8247, Min=120, Avg=945.65, 90=1226, 99=1792, 99.9=3227, 99.99=6783] [UPDATE: Count=33772, Max=8067, Min=179, Avg=945.14, 90=1227, 99=1786, 99.9=3257, 99.99=7123] 
2026-01-14 02:24:29:247 410 sec: 27372265 operations; 68692.1 current ops/sec; est completion in 4 hours 2 minutes [READ: Count=652741, Max=13311, Min=101, Avg=930.39, 90=1162, 99=1557, 99.9=2515, 99.99=9919] [UPDATE: Count=34156, Max=13095, Min=215, Avg=929.15, 90=1159, 99=1604, 99.9=2571, 99.99=12447] 
2026-01-14 02:24:39:247 420 sec: 28108690 operations; 73642.5 current ops/sec; est completion in 4 hours 2 minutes [READ: Count=699789, Max=5911, Min=136, Avg=867.81, 90=1104, 99=1391, 99.9=2661, 99.99=4471] [UPDATE: Count=36639, Max=5187, Min=210, Avg=865.32, 90=1102, 99=1397, 99.9=2811, 99.99=3755] 
2026-01-14 02:24:49:247 430 sec: 28869295 operations; 76060.5 current ops/sec; est completion in 4 hours 1 minute [READ: Count=722714, Max=4843, Min=140, Avg=840.04, 90=1068, 99=1330, 99.9=1535, 99.99=3101] [UPDATE: Count=37884, Max=4803, Min=239, Avg=840.15, 90=1068, 99=1342, 99.9=1533, 99.99=4443] 
2026-01-14 02:24:59:247 440 sec: 29642573 operations; 77327.8 current ops/sec; est completion in 4 hours [READ: Count=734573, Max=4671, Min=155, Avg=826.43, 90=1046, 99=1314, 99.9=2049, 99.99=3497] [UPDATE: Count=38720, Max=4351, Min=156, Avg=822.82, 90=1041, 99=1319, 99.9=2127, 99.99=3367] 
2026-01-14 02:25:09:247 450 sec: 30401707 operations; 75913.4 current ops/sec; est completion in 3 hours 59 minutes [READ: Count=721092, Max=4411, Min=110, Avg=841.82, 90=1067, 99=1342, 99.9=2169, 99.99=2711] [UPDATE: Count=38040, Max=4107, Min=184, Avg=839.4, 90=1063, 99=1346, 99.9=2151, 99.99=2459] 
2026-01-14 02:25:19:247 460 sec: 31155010 operations; 75330.3 current ops/sec; est completion in 3 hours 58 minutes [READ: Count=715816, Max=4431, Min=99, Avg=848.36, 90=1077, 99=1358, 99.9=2157, 99.99=2745] [UPDATE: Count=37478, Max=4347, Min=200, Avg=845.71, 90=1076, 99=1362, 99.9=2159, 99.99=2687] 
2026-01-14 02:25:29:247 470 sec: 31906944 operations; 75193.4 current ops/sec; est completion in 3 hours 57 minutes [READ: Count=714393, Max=4443, Min=121, Avg=849.98, 90=1079, 99=1351, 99.9=2203, 99.99=2755] [UPDATE: Count=37536, Max=4387, Min=216, Avg=846.14, 90=1074, 99=1356, 99.9=2215, 99.99=3757] 
2026-01-14 02:25:39:247 480 sec: 32656459 operations; 74951.5 current ops/sec; est completion in 3 hours 56 minutes [READ: Count=711533, Max=5359, Min=173, Avg=852.65, 90=1083, 99=1357, 99.9=2529, 99.99=3459] [UPDATE: Count=38001, Max=3751, Min=223, Avg=849.14, 90=1079, 99=1357, 99.9=2519, 99.99=3417] 
2026-01-14 02:25:49:247 490 sec: 33425936 operations; 76947.7 current ops/sec; est completion in 3 hours 56 minutes [READ: Count=730830, Max=8655, Min=126, Avg=830.46, 90=1055, 99=1303, 99.9=1528, 99.99=3131] [UPDATE: Count=38646, Max=5003, Min=174, Avg=828.32, 90=1053, 99=1319, 99.9=1512, 99.99=2711] 
2026-01-14 02:25:59:247 500 sec: 34201862 operations; 77592.6 current ops/sec; est completion in 3 hours 55 minutes [READ: Count=736815, Max=5255, Min=107, Avg=823.54, 90=1043, 99=1317, 99.9=1770, 99.99=3501] [UPDATE: Count=39096, Max=5271, Min=286, Avg=821.43, 90=1041, 99=1326, 99.9=1764, 99.99=3217] 
2026-01-14 02:26:09:247 510 sec: 34964882 operations; 76302 current ops/sec; est completion in 3 hours 54 minutes [READ: Count=724766, Max=4755, Min=102, Avg=837.5, 90=1060, 99=1339, 99.9=2235, 99.99=3571] [UPDATE: Count=38253, Max=3567, Min=167, Avg=834.96, 90=1057, 99=1337, 99.9=2151, 99.99=2851] 
2026-01-14 02:26:19:247 520 sec: 35724300 operations; 75941.8 current ops/sec; est completion in 3 hours 53 minutes [READ: Count=721623, Max=4627, Min=159, Avg=841.53, 90=1067, 99=1338, 99.9=2173, 99.99=2773] [UPDATE: Count=37804, Max=4631, Min=231, Avg=838.17, 90=1064, 99=1342, 99.9=2149, 99.99=2653] 
2026-01-14 02:26:29:247 530 sec: 36475454 operations; 75115.4 current ops/sec; est completion in 3 hours 53 minutes [READ: Count=713275, Max=10319, Min=119, Avg=850.81, 90=1080, 99=1360, 99.9=2189, 99.99=2805] [UPDATE: Count=37894, Max=3377, Min=203, Avg=847.39, 90=1075, 99=1358, 99.9=2151, 99.99=2543] 
2026-01-14 02:26:39:247 540 sec: 37224117 operations; 74866.3 current ops/sec; est completion in 3 hours 52 minutes [READ: Count=711160, Max=4451, Min=127, Avg=853.54, 90=1084, 99=1358, 99.9=2323, 99.99=2921] [UPDATE: Count=37502, Max=4435, Min=187, Avg=851.97, 90=1084, 99=1362, 99.9=2233, 99.99=2671] 
2026-01-14 02:26:49:247 550 sec: 37981937 operations; 75782 current ops/sec; est completion in 3 hours 52 minutes [READ: Count=720135, Max=4727, Min=110, Avg=843.28, 90=1070, 99=1326, 99.9=1981, 99.99=3345] [UPDATE: Count=37661, Max=3793, Min=174, Avg=840.86, 90=1066, 99=1328, 99.9=2067, 99.99=3355] 
2026-01-14 02:26:59:247 560 sec: 38739628 operations; 75769.1 current ops/sec; est completion in 3 hours 51 minutes [READ: Count=719887, Max=5071, Min=105, Avg=843.49, 90=1067, 99=1341, 99.9=1615, 99.99=2999] [UPDATE: Count=37823, Max=4267, Min=219, Avg=839.33, 90=1062, 99=1327, 99.9=1604, 99.99=2407] 
2026-01-14 02:27:09:247 570 sec: 39392046 operations; 65241.8 current ops/sec; est completion in 3 hours 51 minutes [READ: Count=619964, Max=3799, Min=134, Avg=979.82, 90=1201, 99=1643, 99.9=2379, 99.99=2817] [UPDATE: Count=32455, Max=2897, Min=129, Avg=975, 90=1193, 99=1611, 99.9=2327, 99.99=2687] 
2026-01-14 02:27:19:247 580 sec: 40145756 operations; 75371 current ops/sec; est completion in 3 hours 51 minutes [READ: Count=715945, Max=4291, Min=117, Avg=847.86, 90=1077, 99=1349, 99.9=2129, 99.99=2555] [UPDATE: Count=37765, Max=3789, Min=195, Avg=845.47, 90=1073, 99=1345, 99.9=2199, 99.99=2643] 
2026-01-14 02:27:29:247 590 sec: 40892726 operations; 74697 current ops/sec; est completion in 3 hours 50 minutes [READ: Count=709400, Max=4823, Min=128, Avg=855.59, 90=1086, 99=1362, 99.9=2291, 99.99=3791] [UPDATE: Count=37555, Max=4037, Min=242, Avg=852.11, 90=1081, 99=1363, 99.9=2297, 99.99=3761] 
2026-01-14 02:27:39:247 600 sec: 41639834 operations; 74710.8 current ops/sec; est completion in 3 hours 50 minutes [READ: Count=709892, Max=3237, Min=128, Avg=855.34, 90=1088, 99=1369, 99.9=2247, 99.99=2665] [UPDATE: Count=37207, Max=2853, Min=248, Avg=853.3, 90=1086, 99=1373, 99.9=2255, 99.99=2679] 
2026-01-14 02:27:49:247 610 sec: 42388919 operations; 74908.5 current ops/sec; est completion in 3 hours 49 minutes [READ: Count=711723, Max=4583, Min=178, Avg=853.03, 90=1085, 99=1362, 99.9=2403, 99.99=3363] [UPDATE: Count=37363, Max=4447, Min=215, Avg=852.22, 90=1086, 99=1376, 99.9=2645, 99.99=3557] 
2026-01-14 02:27:59:247 620 sec: 43153396 operations; 76447.7 current ops/sec; est completion in 3 hours 49 minutes [READ: Count=725951, Max=4535, Min=141, Avg=835.88, 90=1060, 99=1320, 99.9=1587, 99.99=3507] [UPDATE: Count=38525, Max=4539, Min=181, Avg=833.86, 90=1059, 99=1329, 99.9=1601, 99.99=3589] 
2026-01-14 02:28:09:247 630 sec: 43919353 operations; 76595.7 current ops/sec; est completion in 3 hours 48 minutes [READ: Count=727609, Max=4663, Min=111, Avg=834.24, 90=1056, 99=1332, 99.9=2127, 99.99=2785] [UPDATE: Count=38372, Max=4287, Min=180, Avg=832.93, 90=1054, 99=1338, 99.9=2227, 99.99=2743] 
2026-01-14 02:28:19:247 640 sec: 44676183 operations; 75683 current ops/sec; est completion in 3 hours 48 minutes [READ: Count=718761, Max=4695, Min=105, Avg=844.38, 90=1072, 99=1351, 99.9=2195, 99.99=3661] [UPDATE: Count=38068, Max=4715, Min=171, Avg=841.57, 90=1069, 99=1351, 99.9=2179, 99.99=4115] 
2026-01-14 02:28:29:247 650 sec: 45421623 operations; 74544 current ops/sec; est completion in 3 hours 47 minutes [READ: Count=708709, Max=3049, Min=146, Avg=857.28, 90=1090, 99=1380, 99.9=2189, 99.99=2623] [UPDATE: Count=36715, Max=2791, Min=149, Avg=855.28, 90=1089, 99=1378, 99.9=2167, 99.99=2523] 
2026-01-14 02:28:39:247 660 sec: 46159644 operations; 73802.1 current ops/sec; est completion in 3 hours 47 minutes [READ: Count=701052, Max=4459, Min=119, Avg=865.87, 90=1099, 99=1380, 99.9=2353, 99.99=3963] [UPDATE: Count=36962, Max=3995, Min=228, Avg=863.6, 90=1098, 99=1386, 99.9=2185, 99.99=3235] 
2026-01-14 02:28:49:247 670 sec: 46895000 operations; 73535.6 current ops/sec; est completion in 3 hours 46 minutes [READ: Count=698481, Max=4927, Min=152, Avg=844.34, 90=1082, 99=1341, 99.9=2509, 99.99=3469] [UPDATE: Count=36889, Max=4207, Min=187, Avg=843.52, 90=1080, 99=1360, 99.9=2627, 99.99=3571] 
2026-01-14 02:28:59:247 680 sec: 47596192 operations; 70119.2 current ops/sec; est completion in 3 hours 46 minutes [READ: Count=666339, Max=4767, Min=60, Avg=285.22, 90=662, 99=1054, 99.9=1556, 99.99=3215] [UPDATE: Count=34854, Max=4731, Min=67, Avg=282.13, 90=660, 99=1045, 99.9=1384, 99.99=3021] 
2026-01-14 02:29:09:247 690 sec: 48296000 operations; 69980.8 current ops/sec; est completion in 3 hours 46 minutes [READ: Count=664807, Max=7415, Min=73, Avg=672.77, 90=1073, 99=1530, 99.9=4795, 99.99=6635] [UPDATE: Count=35007, Max=7231, Min=74, Avg=670.8, 90=1070, 99=1557, 99.9=4751, 99.99=6791] 
2026-01-14 02:29:19:247 700 sec: 48996196 operations; 70019.6 current ops/sec; est completion in 3 hours 46 minutes [READ: Count=665160, Max=6819, Min=56, Avg=380.61, 90=855, 99=1195, 99.9=2491, 99.99=5651] [UPDATE: Count=35028, Max=6271, Min=73, Avg=376.57, 90=856, 99=1212, 99.9=2503, 99.99=4875] 
2026-01-14 02:29:29:247 710 sec: 49696200 operations; 70000.4 current ops/sec; est completion in 3 hours 46 minutes [READ: Count=664842, Max=4093, Min=64, Avg=244.22, 90=487, 99=1022, 99.9=1729, 99.99=2339] [UPDATE: Count=35164, Max=3159, Min=67, Avg=242.46, 90=484, 99=1022, 99.9=1669, 99.99=2303] 
2026-01-14 02:29:39:247 720 sec: 50396198 operations; 69999.8 current ops/sec; est completion in 3 hours 46 minutes [READ: Count=664949, Max=3355, Min=64, Avg=273.23, 90=588, 99=1043, 99.9=1826, 99.99=2339] [UPDATE: Count=35045, Max=2399, Min=72, Avg=270.27, 90=579, 99=1033, 99.9=1825, 99.99=2277] 
2026-01-14 02:29:49:247 730 sec: 51096124 operations; 69992.6 current ops/sec; est completion in 3 hours 45 minutes [READ: Count=665235, Max=3957, Min=62, Avg=333.04, 90=781, 99=1137, 99.9=2149, 99.99=3157] [UPDATE: Count=34680, Max=3375, Min=67, Avg=330.32, 90=778, 99=1141, 99.9=2169, 99.99=3005] 
2026-01-14 02:29:59:247 740 sec: 51796196 operations; 70007.2 current ops/sec; est completion in 3 hours 45 minutes [READ: Count=664988, Max=4227, Min=61, Avg=234, 90=419, 99=1018, 99.9=1378, 99.99=2983] [UPDATE: Count=35097, Max=3787, Min=69, Avg=230.33, 90=410, 99=1023, 99.9=1367, 99.99=2983] 
2026-01-14 02:30:09:247 750 sec: 52496200 operations; 70000.4 current ops/sec; est completion in 3 hours 45 minutes [READ: Count=665292, Max=2441, Min=58, Avg=198.18, 90=283, 99=905, 99.9=1280, 99.99=2036] [UPDATE: Count=34709, Max=2479, Min=62, Avg=194.96, 90=279, 99=900, 99.9=1351, 99.99=2127] 
2026-01-14 02:30:19:247 760 sec: 53196186 operations; 69998.6 current ops/sec; est completion in 3 hours 45 minutes [READ: Count=665069, Max=2893, Min=61, Avg=237.61, 90=454, 99=1016, 99.9=1835, 99.99=2379] [UPDATE: Count=34907, Max=2833, Min=65, Avg=233.91, 90=445, 99=1005, 99.9=1607, 99.99=2431] 
2026-01-14 02:30:29:247 770 sec: 53896139 operations; 69995.3 current ops/sec; est completion in 3 hours 45 minutes [READ: Count=664800, Max=6683, Min=66, Avg=519.13, 90=1019, 99=1374, 99.9=2205, 99.99=3899] [UPDATE: Count=35165, Max=6675, Min=70, Avg=514.55, 90=1016, 99=1373, 99.9=2203, 99.99=3815] 
2026-01-14 02:30:39:247 780 sec: 54589563 operations; 69342.4 current ops/sec; est completion in 3 hours 45 minutes [READ: Count=658646, Max=8767, Min=82, Avg=868.2, 90=1148, 99=2339, 99.9=3771, 99.99=6655] [UPDATE: Count=34780, Max=6895, Min=91, Avg=863.69, 90=1146, 99=2305, 99.9=3559, 99.99=5679] 
2026-01-14 02:30:49:247 790 sec: 55296124 operations; 70656.1 current ops/sec; est completion in 3 hours 44 minutes [READ: Count=671403, Max=9111, Min=66, Avg=661.09, 90=1067, 99=1354, 99.9=2525, 99.99=4387] [UPDATE: Count=35144, Max=8655, Min=75, Avg=660.54, 90=1068, 99=1371, 99.9=2561, 99.99=8327] 
2026-01-14 02:30:59:247 800 sec: 55996201 operations; 70007.7 current ops/sec; est completion in 3 hours 44 minutes [READ: Count=665091, Max=4823, Min=66, Avg=445.7, 90=929, 99=1246, 99.9=2433, 99.99=3471] [UPDATE: Count=34988, Max=4507, Min=78, Avg=441.19, 90=926, 99=1243, 99.9=2599, 99.99=3385] 
2026-01-14 02:31:09:247 810 sec: 56696109 operations; 69990.8 current ops/sec; est completion in 3 hours 44 minutes [READ: Count=664713, Max=4215, Min=60, Avg=423.84, 90=904, 99=1209, 99.9=1572, 99.99=2723] [UPDATE: Count=35198, Max=3261, Min=68, Avg=417.57, 90=899, 99=1195, 99.9=1553, 99.99=2445] 
2026-01-14 02:31:19:247 820 sec: 57396161 operations; 70005.2 current ops/sec; est completion in 3 hours 44 minutes [READ: Count=665286, Max=5063, Min=72, Avg=576.9, 90=1039, 99=1530, 99.9=2917, 99.99=4335] [UPDATE: Count=34784, Max=4563, Min=74, Avg=571.73, 90=1035, 99=1525, 99.9=2939, 99.99=3755] 
2026-01-14 02:31:29:247 830 sec: 58096201 operations; 70004 current ops/sec; est completion in 3 hours 44 minutes [READ: Count=664981, Max=3815, Min=69, Avg=417.61, 90=867, 99=1172, 99.9=1881, 99.99=2447] [UPDATE: Count=35042, Max=2731, Min=74, Avg=413.07, 90=862, 99=1169, 99.9=1924, 99.99=2391] 
2026-01-14 02:31:39:247 840 sec: 58796197 operations; 69999.6 current ops/sec; est completion in 3 hours 44 minutes [READ: Count=664987, Max=2931, Min=69, Avg=403.59, 90=858, 99=1200, 99.9=1998, 99.99=2519] [UPDATE: Count=35019, Max=2689, Min=73, Avg=401.15, 90=852, 99=1194, 99.9=1988, 99.99=2471] 
2026-01-14 02:31:49:247 850 sec: 59496118 operations; 69992.1 current ops/sec; est completion in 3 hours 43 minutes [READ: Count=664810, Max=6591, Min=80, Avg=554.98, 90=1008, 99=1279, 99.9=2213, 99.99=3621] [UPDATE: Count=35095, Max=6439, Min=86, Avg=551.28, 90=1004, 99=1271, 99.9=2151, 99.99=5683] 
2026-01-14 02:31:59:247 860 sec: 60196197 operations; 70007.9 current ops/sec; est completion in 3 hours 43 minutes [READ: Count=665187, Max=4791, Min=74, Avg=624.11, 90=1043, 99=1300, 99.9=2401, 99.99=3587] [UPDATE: Count=34908, Max=3731, Min=86, Avg=621.24, 90=1038, 99=1297, 99.9=2405, 99.99=3429] 
2026-01-14 02:32:09:247 870 sec: 60896202 operations; 70000.5 current ops/sec; est completion in 3 hours 43 minutes [READ: Count=664921, Max=4195, Min=67, Avg=498.59, 90=954, 99=1285, 99.9=1814, 99.99=2921] [UPDATE: Count=35084, Max=3291, Min=76, Avg=493.5, 90=948, 99=1274, 99.9=1808, 99.99=2823] 
